c:\users\annaw\documents\github\search-engine\debug\vc142.pdb
c:\users\annaw\documents\github\search-engine\debug\vc142.idb
c:\users\annaw\documents\github\search-engine\debug\trie.obj
c:\users\annaw\documents\github\search-engine\debug\search engine.obj
c:\users\annaw\documents\github\search-engine\debug\system.obj
c:\users\annaw\documents\github\search-engine\debug\search.obj
c:\users\annaw\documents\github\search-engine\debug\query_handling.obj
c:\users\annaw\documents\github\search-engine\debug\file_handling.obj
c:\users\annaw\documents\github\search-engine\debug\search engine.exe
c:\users\annaw\documents\github\search-engine\debug\search engine.ilk
c:\users\annaw\documents\github\search-engine\debug\search engine.pdb
c:\users\annaw\documents\github\search-engine\debug\file_handling.nativecodeanalysis.xml
c:\users\annaw\documents\github\search-engine\debug\query_handling.nativecodeanalysis.xml
c:\users\annaw\documents\github\search-engine\debug\search engine.nativecodeanalysis.xml
c:\users\annaw\documents\github\search-engine\debug\search.nativecodeanalysis.xml
c:\users\annaw\documents\github\search-engine\debug\system.nativecodeanalysis.xml
c:\users\annaw\documents\github\search-engine\debug\trie.nativecodeanalysis.xml
c:\users\annaw\documents\github\search-engine\debug\vc.nativecodeanalysis.all.xml
c:\users\annaw\documents\github\search-engine\debug\search engine.tlog\cl.command.1.tlog
c:\users\annaw\documents\github\search-engine\debug\search engine.tlog\cl.read.1.tlog
c:\users\annaw\documents\github\search-engine\debug\search engine.tlog\cl.write.1.tlog
c:\users\annaw\documents\github\search-engine\debug\search engine.tlog\link.command.1.tlog
c:\users\annaw\documents\github\search-engine\debug\search engine.tlog\link.read.1.tlog
c:\users\annaw\documents\github\search-engine\debug\search engine.tlog\link.write.1.tlog
